<?xml version="1.0" encoding="UTF-8"?>
<!-- Generated by org.testng.reporters.JUnitReportReporter -->
<testsuite skipped="0" hostname="gaihongweideMacBook-Air.local" name="com.uiPackage.test.HomePageTestCase" tests="1" failures="0" timestamp="25 八月 2019 10:28:50 GMT" time="66.638" errors="0">
  <testcase name="test_swapContract" time="66.638" classname="com.uiPackage.test.HomePageTestCase"/>
</testsuite> <!-- com.uiPackage.test.HomePageTestCase -->
