<?xml version="1.0" encoding="UTF-8"?>
<!-- Generated by org.testng.reporters.JUnitReportReporter -->
<testsuite skipped="0" hostname="gaihongweideMacBook-Air.local" name="com.uiPackage.test.Test" tests="1" failures="0" timestamp="19 七月 2019 03:13:04 GMT" time="0.023" errors="0">
  <testcase name="aa" time="0.023" classname="com.uiPackage.test.Test"/>
</testsuite> <!-- com.uiPackage.test.Test -->
