<?xml version="1.0" encoding="UTF-8"?>
<!-- Generated by org.testng.reporters.JUnitReportReporter -->
<testsuite skipped="0" hostname="gaihongweideMacBook-Air.local" name="com.uiPackage.test.TestCase" tests="1" failures="0" timestamp="01 八月 2019 09:52:12 GMT" time="210.742" errors="1">
  <testcase name="test_placeOrderPositionComission" time="210.742" classname="com.uiPackage.test.TestCase">
    <error type="org.openqa.selenium.NoSuchSessionException" message="A session is either terminated or not started
Build info: version: &#039;3.141.59&#039;, revision: &#039;e82be7d358&#039;, time: &#039;2018-11-14T08:25:53&#039;
System info: host: &#039;gaihongweideMacBook-Air.local&#039;, ip: &#039;fe80:0:0:0:1c36:450f:1b6b:ea53%en0&#039;, os.name: &#039;Mac OS X&#039;, os.arch: &#039;x86_64&#039;, os.version: &#039;10.15&#039;, java.version: &#039;1.8.0_211&#039;
Driver info: io.appium.java_client.android.AndroidDriver
Capabilities {appActivity: .module.launch.SplashActivity, appPackage: com.tbex.trader, autoGrantPermissions: true, databaseEnabled: false, desired: {appActivity: .module.launch.SplashActivity, appPackage: com.tbex.trader, autoGrantPermissions: true, deviceName: M9N7N15709011483, noReset: true, platformName: android, platformVersion: 6.0, resetKeyboard: true, udid: M9N7N15709011483, unicodeKeyboard: true}, deviceManufacturer: HUAWEI, deviceModel: HUAWEI MT7-TL10, deviceName: M9N7N15709011483, deviceScreenSize: 1080x1920, deviceUDID: M9N7N15709011483, javascriptEnabled: true, locationContextEnabled: false, networkConnectionEnabled: true, noReset: true, platform: LINUX, platformName: Android, platformVersion: 6.0, resetKeyboard: true, takesScreenshot: true, udid: M9N7N15709011483, unicodeKeyboard: true, warnings: {}, webStorageEnabled: false}
Session ID: 6196e721-293d-4625-a294-b5f73d7d12ab">
      <![CDATA[org.openqa.selenium.NoSuchSessionException: A session is either terminated or not started
Build info: version: '3.141.59', revision: 'e82be7d358', time: '2018-11-14T08:25:53'
System info: host: 'gaihongweideMacBook-Air.local', ip: 'fe80:0:0:0:1c36:450f:1b6b:ea53%en0', os.name: 'Mac OS X', os.arch: 'x86_64', os.version: '10.15', java.version: '1.8.0_211'
Driver info: io.appium.java_client.android.AndroidDriver
Capabilities {appActivity: .module.launch.SplashActivity, appPackage: com.tbex.trader, autoGrantPermissions: true, databaseEnabled: false, desired: {appActivity: .module.launch.SplashActivity, appPackage: com.tbex.trader, autoGrantPermissions: true, deviceName: M9N7N15709011483, noReset: true, platformName: android, platformVersion: 6.0, resetKeyboard: true, udid: M9N7N15709011483, unicodeKeyboard: true}, deviceManufacturer: HUAWEI, deviceModel: HUAWEI MT7-TL10, deviceName: M9N7N15709011483, deviceScreenSize: 1080x1920, deviceUDID: M9N7N15709011483, javascriptEnabled: true, locationContextEnabled: false, networkConnectionEnabled: true, noReset: true, platform: LINUX, platformName: Android, platformVersion: 6.0, resetKeyboard: true, takesScreenshot: true, udid: M9N7N15709011483, unicodeKeyboard: true, warnings: {}, webStorageEnabled: false}
Session ID: 6196e721-293d-4625-a294-b5f73d7d12ab
at sun.reflect.NativeConstructorAccessorImpl.newInstance0(Native Method)
at sun.reflect.NativeConstructorAccessorImpl.newInstance(NativeConstructorAccessorImpl.java:62)
at sun.reflect.DelegatingConstructorAccessorImpl.newInstance(DelegatingConstructorAccessorImpl.java:45)
at java.lang.reflect.Constructor.newInstance(Constructor.java:423)
at org.openqa.selenium.remote.http.W3CHttpResponseCodec.createException(W3CHttpResponseCodec.java:187)
at org.openqa.selenium.remote.http.W3CHttpResponseCodec.decode(W3CHttpResponseCodec.java:122)
at org.openqa.selenium.remote.http.W3CHttpResponseCodec.decode(W3CHttpResponseCodec.java:49)
at org.openqa.selenium.remote.HttpCommandExecutor.execute(HttpCommandExecutor.java:158)
at io.appium.java_client.remote.AppiumCommandExecutor.execute(AppiumCommandExecutor.java:231)
at org.openqa.selenium.remote.RemoteWebDriver.execute(RemoteWebDriver.java:552)
at io.appium.java_client.DefaultGenericMobileDriver.execute(DefaultGenericMobileDriver.java:42)
at io.appium.java_client.AppiumDriver.execute(AppiumDriver.java:1)
at io.appium.java_client.android.AndroidDriver.execute(AndroidDriver.java:1)
at org.openqa.selenium.remote.RemoteWebElement.execute(RemoteWebElement.java:285)
at io.appium.java_client.DefaultGenericMobileElement.execute(DefaultGenericMobileElement.java:45)
at io.appium.java_client.MobileElement.execute(MobileElement.java:1)
at io.appium.java_client.android.AndroidElement.execute(AndroidElement.java:1)
at org.openqa.selenium.remote.RemoteWebElement.getText(RemoteWebElement.java:166)
at com.uiPackage.utils.contract.USDTRegular.position_1(USDTRegular.java:232)
at com.uiPackage.test.TestCase.test_placeOrderPositionComission(TestCase.java:60)
at sun.reflect.NativeMethodAccessorImpl.invoke0(Native Method)
at sun.reflect.NativeMethodAccessorImpl.invoke(NativeMethodAccessorImpl.java:62)
at sun.reflect.DelegatingMethodAccessorImpl.invoke(DelegatingMethodAccessorImpl.java:43)
at java.lang.reflect.Method.invoke(Method.java:498)
at org.testng.internal.MethodInvocationHelper.invokeMethod(MethodInvocationHelper.java:124)
at org.testng.internal.Invoker.invokeMethod(Invoker.java:583)
at org.testng.internal.Invoker.invokeTestMethod(Invoker.java:719)
at org.testng.internal.Invoker.invokeTestMethods(Invoker.java:989)
at org.testng.internal.TestMethodWorker.invokeTestMethods(TestMethodWorker.java:125)
at org.testng.internal.TestMethodWorker.run(TestMethodWorker.java:109)
at org.testng.TestRunner.privateRun(TestRunner.java:648)
at org.testng.TestRunner.run(TestRunner.java:505)
at org.testng.SuiteRunner.runTest(SuiteRunner.java:455)
at org.testng.SuiteRunner.runSequentially(SuiteRunner.java:450)
at org.testng.SuiteRunner.privateRun(SuiteRunner.java:415)
at org.testng.SuiteRunner.run(SuiteRunner.java:364)
at org.testng.SuiteRunnerWorker.runSuite(SuiteRunnerWorker.java:52)
at org.testng.SuiteRunnerWorker.run(SuiteRunnerWorker.java:84)
at org.testng.TestNG.runSuitesSequentially(TestNG.java:1208)
at org.testng.TestNG.runSuitesLocally(TestNG.java:1137)
at org.testng.TestNG.runSuites(TestNG.java:1049)
at org.testng.TestNG.run(TestNG.java:1017)
at org.testng.remote.AbstractRemoteTestNG.run(AbstractRemoteTestNG.java:115)
at org.testng.remote.RemoteTestNG.initAndRun(RemoteTestNG.java:251)
at org.testng.remote.RemoteTestNG.main(RemoteTestNG.java:77)
]]>
    </error>
  </testcase> <!-- test_placeOrderPositionComission -->
</testsuite> <!-- com.uiPackage.test.TestCase -->
