<?xml version="1.0" encoding="UTF-8"?>
<!-- Generated by org.testng.reporters.JUnitReportReporter -->
<testsuite skipped="0" hostname="gaihongweideMacBook-Air.local" name="com.uiPackage.open.NewTest" tests="1" failures="0" timestamp="09 六月 2019 07:08:34 GMT" time="0.008" errors="0">
  <testcase name="f" time="0.008" classname="com.uiPackage.open.NewTest"/>
</testsuite> <!-- com.uiPackage.open.NewTest -->
