<?xml version="1.0" encoding="UTF-8"?>
<!-- Generated by org.testng.reporters.JUnitReportReporter -->
<testsuite skipped="0" hostname="gaihongweideMacBook-Air.local" name="test.NewTest1" tests="1" failures="0" timestamp="12 八月 2019 09:11:33 GMT" time="0.007" errors="0">
  <testcase name="f" time="0.007" classname="test.NewTest1"/>
</testsuite> <!-- test.NewTest1 -->
