<?xml version="1.0" encoding="UTF-8"?>
<!-- Generated by org.testng.reporters.JUnitReportReporter -->
<testsuite skipped="0" hostname="gaihongweideMacBook-Air.local" name="com.uiPackage.open.DemoTestCase" tests="1" failures="0" timestamp="15 六月 2019 13:27:45 GMT" time="0.008" errors="0">
  <testcase name="testDemo1" time="0.008" classname="com.uiPackage.open.DemoTestCase"/>
</testsuite> <!-- com.uiPackage.open.DemoTestCase -->
