<?xml version="1.0" encoding="UTF-8"?>
<!-- Generated by org.testng.reporters.JUnitReportReporter -->
<testsuite skipped="0" hostname="gaihongweideMacBook-Air.local" name="com.uiPackage.test.LoginTest" tests="8" failures="0" timestamp="31 七月 2019 16:39:30 GMT" time="0.022" errors="0">
  <testcase name="bb" time="0.001" classname="com.uiPackage.test.LoginTest"/>
  <testcase name="bb" time="0.001" classname="com.uiPackage.test.LoginTest"/>
  <testcase name="aa" time="0.002" classname="com.uiPackage.test.LoginTest"/>
  <testcase name="bb" time="0.004" classname="com.uiPackage.test.LoginTest"/>
  <testcase name="aa" time="0.002" classname="com.uiPackage.test.LoginTest"/>
  <testcase name="aa" time="0.001" classname="com.uiPackage.test.LoginTest"/>
  <testcase name="aa" time="0.009" classname="com.uiPackage.test.LoginTest"/>
  <testcase name="bb" time="0.002" classname="com.uiPackage.test.LoginTest"/>
</testsuite> <!-- com.uiPackage.test.LoginTest -->
