<?xml version="1.0" encoding="UTF-8"?>
<!-- Generated by org.testng.reporters.JUnitReportReporter -->
<testsuite skipped="0" hostname="gaihongweideMacBook-Air.local" name="com.uiPackage.utils.OpenAppTestCase" tests="1" failures="0" timestamp="18 七月 2019 11:47:22 GMT" time="6.201" errors="0">
  <testcase name="testDemo1" time="6.201" classname="com.uiPackage.utils.OpenAppTestCase"/>
</testsuite> <!-- com.uiPackage.utils.OpenAppTestCase -->
