<?xml version="1.0" encoding="UTF-8"?>
<!-- Generated by org.testng.reporters.JUnitReportReporter -->
<testsuite skipped="0" hostname="gaihongweideMacBook-Air.local" name="com.port.test.spot.SpotTickerPrice" tests="1" failures="0" timestamp="28 六月 2019 12:47:46 GMT" time="1.380" errors="0">
  <testcase name="test_spotTickerPrice" time="1.380" classname="com.port.test.spot.SpotTickerPrice"/>
</testsuite> <!-- com.port.test.spot.SpotTickerPrice -->
