<?xml version="1.0" encoding="UTF-8"?>
<!-- Generated by org.testng.reporters.JUnitReportReporter -->
<testsuite skipped="0" hostname="gaihongweideMacBook-Air.local" name="com.test.New" tests="1" failures="0" timestamp="26 六月 2019 06:24:10 GMT" time="0.023" errors="0">
  <testcase name="print" time="0.023" classname="com.test.New"/>
</testsuite> <!-- com.test.New -->
