<?xml version="1.0" encoding="UTF-8"?>
<!-- Generated by org.testng.reporters.JUnitReportReporter -->
<testsuite skipped="0" hostname="gaihongweideMacBook-Air.local" name="com.port.test.acount.New" tests="1" failures="0" timestamp="25 六月 2019 10:14:10 GMT" time="0.966" errors="0">
  <testcase name="print" time="0.966" classname="com.port.test.acount.New"/>
</testsuite> <!-- com.port.test.acount.New -->
