<?xml version="1.0" encoding="UTF-8"?>
<!-- Generated by org.testng.reporters.JUnitReportReporter -->
<testsuite skipped="0" hostname="gaihongweideMacBook-Air.local" name="com.port.test.acount.AcountTransferRequest" tests="1" failures="0" timestamp="30 十一月 2019 06:30:55 GMT" time="1.051" errors="0">
  <testcase name="test_acountTransferRequest" time="1.051" classname="com.port.test.acount.AcountTransferRequest"/>
</testsuite> <!-- com.port.test.acount.AcountTransferRequest -->
