<?xml version="1.0" encoding="UTF-8"?>
<!-- Generated by org.testng.reporters.JUnitReportReporter -->
<testsuite skipped="0" hostname="gaihongweideMacBook-Air.local" name="com.port.test.regular.RegularMarketTicker" tests="1" failures="0" timestamp="06 七月 2019 13:43:33 GMT" time="1.087" errors="0">
  <testcase name="test_regularMarketTicker" time="1.087" classname="com.port.test.regular.RegularMarketTicker"/>
</testsuite> <!-- com.port.test.regular.RegularMarketTicker -->
