<?xml version="1.0" encoding="UTF-8"?>
<!-- Generated by org.testng.reporters.JUnitReportReporter -->
<testsuite skipped="0" hostname="gaihongweideMacBook-Air.local" name="com.port.test.regular.RegularOrderFillList" tests="1" failures="0" timestamp="05 七月 2019 11:23:50 GMT" time="1.721" errors="0">
  <testcase name="test_regularOrderFillList" time="1.721" classname="com.port.test.regular.RegularOrderFillList"/>
</testsuite> <!-- com.port.test.regular.RegularOrderFillList -->
