<?xml version="1.0" encoding="UTF-8"?>
<!-- Generated by org.testng.reporters.JUnitReportReporter -->
<testsuite skipped="0" hostname="gaihongweideMacBook-Air.local" name="com.port.test.acount.AcountAssetsSites" tests="1" failures="0" timestamp="30 十一月 2019 06:50:41 GMT" time="0.728" errors="0">
  <testcase name="test_acountAssetsSites" time="0.728" classname="com.port.test.acount.AcountAssetsSites"/>
</testsuite> <!-- com.port.test.acount.AcountAssetsSites -->
