<?xml version="1.0" encoding="UTF-8"?>
<!-- Generated by org.testng.reporters.JUnitReportReporter -->
<testsuite skipped="0" hostname="gaihongweideMacBook-Air.local" name="com.port.util.BaseUtil" tests="1" failures="0" timestamp="26 六月 2019 06:24:10 GMT" time="0.027" errors="0">
  <testcase name="cookid" time="0.027" classname="com.port.util.BaseUtil"/>
</testsuite> <!-- com.port.util.BaseUtil -->
