<?xml version="1.0" encoding="UTF-8"?>
<!-- Generated by org.testng.reporters.JUnitReportReporter -->
<testsuite skipped="0" hostname="gaihongweideMacBook-Air.local" name="com.port.test.spot.SpotCandles" tests="1" failures="0" timestamp="28 六月 2019 11:07:11 GMT" time="1.150" errors="0">
  <testcase name="test_spotCandles" time="1.150" classname="com.port.test.spot.SpotCandles"/>
</testsuite> <!-- com.port.test.spot.SpotCandles -->
