<?xml version="1.0" encoding="UTF-8"?>
<!-- Generated by org.testng.reporters.JUnitReportReporter -->
<testsuite skipped="0" hostname="gaihongweideMacBook-Air.local" name="com.port.test.spot.SpotMyOrders" tests="1" failures="0" timestamp="28 六月 2019 12:26:42 GMT" time="1.411" errors="0">
  <testcase name="test_spotMyOrders" time="1.411" classname="com.port.test.spot.SpotMyOrders"/>
</testsuite> <!-- com.port.test.spot.SpotMyOrders -->
