<?xml version="1.0" encoding="UTF-8"?>
<!-- Generated by org.testng.reporters.JUnitReportReporter -->
<testsuite skipped="0" hostname="gaihongweideMacBook-Air.local" name="com.port.test.regular.RegularAccountTransfer" tests="1" failures="0" timestamp="05 七月 2019 11:22:51 GMT" time="1.325" errors="0">
  <testcase name="test_regularAccountTransfer" time="1.325" classname="com.port.test.regular.RegularAccountTransfer"/>
</testsuite> <!-- com.port.test.regular.RegularAccountTransfer -->
