<?xml version="1.0" encoding="UTF-8"?>
<!-- Generated by org.testng.reporters.JUnitReportReporter -->
<testsuite skipped="0" hostname="gaihongweideMacBook-Air.local" name="com.port.test.spot.SpotTicker" tests="1" failures="0" timestamp="28 六月 2019 12:48:56 GMT" time="1.303" errors="0">
  <testcase name="test_spotTickerPrice" time="1.303" classname="com.port.test.spot.SpotTicker"/>
</testsuite> <!-- com.port.test.spot.SpotTicker -->
