<?xml version="1.0" encoding="UTF-8"?>
<!-- Generated by org.testng.reporters.JUnitReportReporter -->
<testsuite skipped="0" hostname="gaihongweideMacBook-Air.local" name="com.port.test.spot.SpotOrder_book" tests="1" failures="0" timestamp="28 六月 2019 12:30:04 GMT" time="1.316" errors="0">
  <testcase name="test_spotOrder_book" time="1.316" classname="com.port.test.spot.SpotOrder_book"/>
</testsuite> <!-- com.port.test.spot.SpotOrder_book -->
