<?xml version="1.0" encoding="UTF-8"?>
<!-- Generated by org.testng.reporters.JUnitReportReporter -->
<testsuite skipped="0" hostname="gaihongweideMacBook-Air.local" name="com.port.test.spot.SpotProductList" tests="1" failures="0" timestamp="27 六月 2019 10:14:09 GMT" time="2.617" errors="0">
  <testcase name="test_spotProductList" time="2.617" classname="com.port.test.spot.SpotProductList"/>
</testsuite> <!-- com.port.test.spot.SpotProductList -->
