<?xml version="1.0" encoding="UTF-8"?>
<!-- Generated by org.testng.reporters.JUnitReportReporter -->
<testsuite skipped="0" hostname="gaihongweideMacBook-Air.local" name="com.port.test.regular.RegularOrderPlace" tests="1" failures="0" timestamp="04 七月 2019 11:23:55 GMT" time="25.316" errors="0">
  <testcase name="test_egularOrderPlace_2" time="25.316" classname="com.port.test.regular.RegularOrderPlace"/>
</testsuite> <!-- com.port.test.regular.RegularOrderPlace -->
