<?xml version="1.0" encoding="UTF-8"?>
<!-- Generated by org.testng.reporters.JUnitReportReporter -->
<testsuite skipped="0" hostname="gaihongweideMacBook-Air.local" name="com.port.test.GetKlineData" tests="1" failures="0" timestamp="09 九月 2019 02:44:09 GMT" time="8.077" errors="0">
  <testcase name="run" time="8.077" classname="com.port.test.GetKlineData"/>
</testsuite> <!-- com.port.test.GetKlineData -->
