<?xml version="1.0" encoding="UTF-8"?>
<!-- Generated by org.testng.reporters.JUnitReportReporter -->
<testsuite skipped="0" hostname="gaihongweideMacBook-Air.local" name="com.port.test.gdw.BuyAndSellData" tests="1" failures="0" timestamp="09 九月 2019 13:04:18 GMT" time="9.165" errors="0">
  <testcase name="run" time="9.165" classname="com.port.test.gdw.BuyAndSellData"/>
</testsuite> <!-- com.port.test.gdw.BuyAndSellData -->
